<?xml version="1.0" encoding="UTF-8"?>
<!-- Generated by org.testng.reporters.JUnitXMLReporter -->
<testsuite ignored="6" hostname="Jaspreet" failures="1" tests="4" name="Test" time="2.571" errors="0" timestamp="2024-12-09T13:18:51 EST">
  <testcase classname="com.restAssured.project.Jira" name="loggingInJira" time="1.479"/>
  <testcase classname="com.restAssured.project.Jira" name="creatingIssueOnJira" time="0.063">
    <failure type="java.lang.AssertionError" message="1 expectation failed.
Expected status code &amp;lt;200&amp;gt; but was &amp;lt;403&amp;gt;.
">
      <![CDATA[java.lang.AssertionError: 1 expectation failed.
Expected status code <200> but was <403>.

at org.codehaus.groovy.runtime.callsite.ConstructorSite$ConstructorSiteNoUnwrapNoCoerce.callConstructor(ConstructorSite.java:108)
at org.codehaus.groovy.runtime.callsite.CallSiteArray.defaultCallConstructor(CallSiteArray.java:57)
at org.codehaus.groovy.runtime.callsite.AbstractCallSite.callConstructor(AbstractCallSite.java:263)
at org.codehaus.groovy.runtime.callsite.AbstractCallSite.callConstructor(AbstractCallSite.java:277)
at io.restassured.internal.ResponseSpecificationImpl$HamcrestAssertionClosure.validate(ResponseSpecificationImpl.groovy:512)
at io.restassured.internal.ResponseSpecificationImpl$HamcrestAssertionClosure$validate$1.call(Unknown Source)
at io.restassured.internal.ResponseSpecificationImpl.validateResponseIfRequired(ResponseSpecificationImpl.groovy:696)
at io.restassured.internal.ResponseSpecificationImpl.this$2$validateResponseIfRequired(ResponseSpecificationImpl.groovy)
at org.codehaus.groovy.runtime.callsite.PlainObjectMetaMethodSite.doInvoke(PlainObjectMetaMethodSite.java:43)
at org.codehaus.groovy.runtime.callsite.PogoMetaMethodSite$PogoCachedMethodSiteNoUnwrapNoCoerce.invoke(PogoMetaMethodSite.java:198)
at org.codehaus.groovy.runtime.callsite.PogoMetaMethodSite.callCurrent(PogoMetaMethodSite.java:62)
at org.codehaus.groovy.runtime.callsite.AbstractCallSite.callCurrent(AbstractCallSite.java:185)
at io.restassured.internal.ResponseSpecificationImpl.statusCode(ResponseSpecificationImpl.groovy:135)
at io.restassured.specification.ResponseSpecification$statusCode$0.callCurrent(Unknown Source)
at io.restassured.internal.ResponseSpecificationImpl.statusCode(ResponseSpecificationImpl.groovy:143)
at io.restassured.internal.ValidatableResponseOptionsImpl.statusCode(ValidatableResponseOptionsImpl.java:89)
at com.restAssured.project.Jira.creatingIssueOnJira(Jira.java:44)
at java.base/java.util.ArrayList.forEach(ArrayList.java:1596)
... Removed 31 stack frames]]>
    </failure>
  </testcase> <!-- creatingIssueOnJira -->
  <testcase classname="com.restAssured.project.GithubOauth" name="getAccessToken" time="0.544"/>
  <testcase classname="com.restAssured.project.GithubOauth" name="getUserInfo" time="0.436"/>
  <testcase classname="com.restAssured.project.Jira" name="addComment" time="0.0">
    <ignored/>
  </testcase> <!-- addComment -->
  <testcase classname="com.restAssured.project.Jira" name="updateComment" time="0.0">
    <ignored/>
  </testcase> <!-- updateComment -->
  <testcase classname="com.restAssured.project.Jira" name="deleteComment" time="0.0">
    <ignored/>
  </testcase> <!-- deleteComment -->
  <testcase classname="com.restAssured.project.GithubOauth" name="getUserRespo" time="0.0">
    <ignored/>
  </testcase> <!-- getUserRespo -->
  <testcase classname="com.restAssured.project.Jira" name="attachmentInComments" time="0.0">
    <ignored/>
  </testcase> <!-- attachmentInComments -->
  <testcase classname="com.restAssured.project.GithubOauth" name="invalidToken" time="0.0">
    <ignored/>
  </testcase> <!-- invalidToken -->
</testsuite> <!-- Test -->
